<?xml version="1.0" encoding="UTF-8"?>
<testng-results skipped="0" failed="0" ignored="0" total="1" passed="1">
  <reporter-output>
  </reporter-output>
  <suite name="Suite" duration-ms="50719" started-at="2022-05-26T23:44:43 PDT" finished-at="2022-05-26T23:45:34 PDT">
    <groups>
    </groups>
    <test name="Test" duration-ms="50719" started-at="2022-05-26T23:44:43 PDT" finished-at="2022-05-26T23:45:34 PDT">
      <class name="salesforcetest.LoginTest">
        <test-method status="PASS" signature="Logintest()[pri:0, instance:salesforcetest.LoginTest@7adda9cc]" name="Logintest" duration-ms="50651" started-at="2022-05-26T23:44:43 PDT" finished-at="2022-05-26T23:45:34 PDT">
          <reporter-output>
          </reporter-output>
        </test-method> <!-- Logintest -->
      </class> <!-- salesforcetest.LoginTest -->
    </test> <!-- Test -->
  </suite> <!-- Suite -->
</testng-results>
