<?xml version="1.0" encoding="UTF-8"?>
<testng-results ignored="0" total="1" passed="1" failed="0" skipped="0">
  <reporter-output>
  </reporter-output>
  <suite started-at="2022-05-26T23:30:52 PDT" name="Suite" finished-at="2022-05-26T23:31:04 PDT" duration-ms="12323">
    <groups>
    </groups>
    <test started-at="2022-05-26T23:30:52 PDT" name="Test" finished-at="2022-05-26T23:31:04 PDT" duration-ms="12323">
      <class name="salesforcetest.LoginTest">
        <test-method signature="Logintest()[pri:0, instance:salesforcetest.LoginTest@264f218]" started-at="2022-05-26T23:30:52 PDT" name="Logintest" finished-at="2022-05-26T23:31:04 PDT" duration-ms="12259" status="PASS">
          <reporter-output>
          </reporter-output>
        </test-method> <!-- Logintest -->
      </class> <!-- salesforcetest.LoginTest -->
    </test> <!-- Test -->
  </suite> <!-- Suite -->
</testng-results>
